2025-09-18 23:49:47,966 - sentence_transformers.SentenceTransformer - INFO - Load pretrained SentenceTransformer: sentence-transformers/all-MiniLM-L6-v2
2025-09-18 23:49:47,975 - sentence_transformers.SentenceTransformer - INFO - Load pretrained SentenceTransformer: sentence-transformers/all-MiniLM-L6-v2
2025-09-18 23:49:52,438 - sentence_transformers.SentenceTransformer - INFO - Load pretrained SentenceTransformer: sentence-transformers/all-MiniLM-L6-v2
2025-09-18 23:49:52,481 - sentence_transformers.SentenceTransformer - INFO - Load pretrained SentenceTransformer: sentence-transformers/all-MiniLM-L6-v2
2025-09-19 00:00:45,793 - ChatbotGraphBuilder - INFO - {"query": "c\u00e1c lo\u1ea1i s\u00e2u b\u1ec7nh th\u01b0\u1eddng g\u1eb7p \u1edf c\u00e2y l\u00faa", "event": "Processing user query", "logger": "ChatbotGraphBuilder", "level": "info", "timestamp": "2025-09-18T17:00:45.793795Z"}
2025-09-19 00:00:45,802 - ChatbotGraphBuilder - INFO - {"event": "Building chatbot graph", "logger": "ChatbotGraphBuilder", "level": "info", "timestamp": "2025-09-18T17:00:45.802113Z"}
2025-09-19 00:00:45,807 - ChatbotGraphBuilder - INFO - {"event": "Chatbot graph built successfully", "logger": "ChatbotGraphBuilder", "level": "info", "timestamp": "2025-09-18T17:00:45.807268Z"}
2025-09-19 00:00:45,809 - StateManager - INFO - {"query": "c\u00e1c lo\u1ea1i s\u00e2u b\u1ec7nh th\u01b0\u1eddng g\u1eb7p \u1edf c\u00e2y l\u00faa", "event": "Creating initial state", "logger": "StateManager", "level": "info", "timestamp": "2025-09-18T17:00:45.809748Z"}
2025-09-19 00:00:45,908 - ChatbotGraphBuilder - INFO - {"event": "Executing intent analysis node", "logger": "ChatbotGraphBuilder", "level": "info", "timestamp": "2025-09-18T17:00:45.908248Z"}
2025-09-19 00:00:45,912 - IntentAnalyzer - INFO - {"query": "c\u00e1c lo\u1ea1i s\u00e2u b\u1ec7nh th\u01b0\u1eddng g\u1eb7p \u1edf c\u00e2y l\u00faa", "event": "Analyzing user intent", "logger": "IntentAnalyzer", "level": "info", "timestamp": "2025-09-18T17:00:45.912193Z"}
2025-09-19 00:00:45,917 - IntentAnalyzer - INFO - {"intent": "search_document", "confidence": 0.6, "event": "Intent analysis completed", "logger": "IntentAnalyzer", "level": "info", "timestamp": "2025-09-18T17:00:45.917653Z"}
2025-09-19 00:00:45,920 - StateManager - INFO - {"step": "intent_analysis", "updates": ["intent", "confidence", "keywords", "reasoning"], "event": "Updating state", "logger": "StateManager", "level": "info", "timestamp": "2025-09-18T17:00:45.920606Z"}
2025-09-19 00:00:45,924 - ChatbotGraphBuilder - INFO - {"intent": "search_document", "confidence": 0.6, "event": "Intent analysis completed", "logger": "ChatbotGraphBuilder", "level": "info", "timestamp": "2025-09-18T17:00:45.924605Z"}
2025-09-19 00:00:45,934 - ChatbotGraphBuilder - INFO - {"intent": "search_document", "confidence": 0.6, "event": "Routing to action execution", "logger": "ChatbotGraphBuilder", "level": "info", "timestamp": "2025-09-18T17:00:45.934474Z"}
2025-09-19 00:00:45,956 - ChatbotGraphBuilder - INFO - {"event": "Executing action execution node", "logger": "ChatbotGraphBuilder", "level": "info", "timestamp": "2025-09-18T17:00:45.956153Z"}
2025-09-19 00:00:45,959 - ActionExecutor - INFO - {"intent": "search_document", "confidence": 0.6, "query": "c\u00e1c lo\u1ea1i s\u00e2u b\u1ec7nh th\u01b0\u1eddng g\u1eb7p \u1edf c\u00e2y l\u00faa", "event": "Executing action", "logger": "ActionExecutor", "level": "info", "timestamp": "2025-09-18T17:00:45.959925Z"}
2025-09-19 00:00:45,962 - SearchTools - INFO - {"query": "c\u00e1c lo\u1ea1i s\u00e2u b\u1ec7nh th\u01b0\u1eddng g\u1eb7p \u1edf c\u00e2y l\u00faa", "limit": 15, "min_score": 0.2, "event": "Searching knowledge base", "logger": "SearchTools", "level": "info", "timestamp": "2025-09-18T17:00:45.962936Z"}
2025-09-19 00:00:45,967 - DocumentRetriever - INFO - {"query": "c\u00e1c lo\u1ea1i s\u00e2u b\u1ec7nh th\u01b0\u1eddng g\u1eb7p \u1edf c\u00e2y l\u00faa", "limit": 15, "min_score": 0.2, "event": "Getting relevant context", "logger": "DocumentRetriever", "level": "info", "timestamp": "2025-09-18T17:00:45.967498Z"}
2025-09-19 00:00:45,972 - DocumentRetriever - INFO - {"query": "c\u00e1c lo\u1ea1i s\u00e2u b\u1ec7nh th\u01b0\u1eddng g\u1eb7p \u1edf c\u00e2y l\u00faa", "limit": 15, "event": "Searching documents with scores", "logger": "DocumentRetriever", "level": "info", "timestamp": "2025-09-18T17:00:45.971013Z"}
2025-09-19 00:00:45,976 - VectorStore - WARNING - {"event": "No vector store available for search", "logger": "VectorStore", "level": "warning", "timestamp": "2025-09-18T17:00:45.976032Z"}
2025-09-19 00:00:45,978 - DocumentRetriever - INFO - {"results_count": 0, "event": "Document search with scores completed", "logger": "DocumentRetriever", "level": "info", "timestamp": "2025-09-18T17:00:45.978601Z"}
2025-09-19 00:00:45,981 - DocumentRetriever - WARNING - {"event": "No relevant context found", "logger": "DocumentRetriever", "level": "warning", "timestamp": "2025-09-18T17:00:45.981140Z"}
2025-09-19 00:00:45,984 - DocumentRetriever - INFO - {"query": "c\u00e1c lo\u1ea1i s\u00e2u b\u1ec7nh th\u01b0\u1eddng g\u1eb7p \u1edf c\u00e2y l\u00faa", "limit": 15, "score_threshold": null, "event": "Searching documents", "logger": "DocumentRetriever", "level": "info", "timestamp": "2025-09-18T17:00:45.984136Z"}
2025-09-19 00:00:45,987 - VectorStore - INFO - {"query": "c\u00e1c lo\u1ea1i s\u00e2u b\u1ec7nh th\u01b0\u1eddng g\u1eb7p \u1edf c\u00e2y l\u00faa", "k": 15, "event": "Performing similarity search", "logger": "VectorStore", "level": "info", "timestamp": "2025-09-18T17:00:45.987325Z"}
2025-09-19 00:00:45,990 - VectorStore - WARNING - {"event": "No vector store available for search", "logger": "VectorStore", "level": "warning", "timestamp": "2025-09-18T17:00:45.990779Z"}
2025-09-19 00:00:45,993 - DocumentRetriever - INFO - {"results_count": 0, "event": "Document search completed", "logger": "DocumentRetriever", "level": "info", "timestamp": "2025-09-18T17:00:45.993779Z"}
2025-09-19 00:00:45,997 - DocumentRetriever - INFO - {"query": "c\u00e1c lo\u1ea1i s\u00e2u b\u1ec7nh th\u01b0\u1eddng g\u1eb7p \u1edf c\u00e2y l\u00faa", "sources_count": 0, "event": "Retrieved document sources", "logger": "DocumentRetriever", "level": "info", "timestamp": "2025-09-18T17:00:45.997013Z"}
2025-09-19 00:00:46,001 - DocumentRetriever - INFO - {"query": "c\u00e1c lo\u1ea1i s\u00e2u b\u1ec7nh th\u01b0\u1eddng g\u1eb7p \u1edf c\u00e2y l\u00faa", "limit": 15, "event": "Searching documents with scores", "logger": "DocumentRetriever", "level": "info", "timestamp": "2025-09-18T17:00:46.001377Z"}
2025-09-19 00:00:46,004 - VectorStore - WARNING - {"event": "No vector store available for search", "logger": "VectorStore", "level": "warning", "timestamp": "2025-09-18T17:00:46.004374Z"}
2025-09-19 00:00:46,007 - DocumentRetriever - INFO - {"results_count": 0, "event": "Document search with scores completed", "logger": "DocumentRetriever", "level": "info", "timestamp": "2025-09-18T17:00:46.007678Z"}
2025-09-19 00:00:46,010 - SearchTools - INFO - {"has_results": false, "results_count": 0, "avg_confidence": 0.0, "event": "Knowledge base search completed", "logger": "SearchTools", "level": "info", "timestamp": "2025-09-18T17:00:46.010203Z"}
2025-09-19 00:00:46,015 - ActionExecutor - INFO - {"intent": "search_document", "has_response": true, "event": "Action execution completed", "logger": "ActionExecutor", "level": "info", "timestamp": "2025-09-18T17:00:46.015011Z"}
2025-09-19 00:00:46,018 - StateManager - INFO - {"step": "action_execution", "updates": ["user_query", "session_id", "intent", "confidence", "keywords", "reasoning", "search_results", "context_used", "sources", "response", "response_type", "timestamp", "execution_path", "errors", "action_completed", "execution_timestamp"], "event": "Updating state", "logger": "StateManager", "level": "info", "timestamp": "2025-09-18T17:00:46.018250Z"}
2025-09-19 00:00:46,023 - ChatbotGraphBuilder - INFO - {"response_type": "document_search", "has_response": true, "event": "Action execution completed", "logger": "ChatbotGraphBuilder", "level": "info", "timestamp": "2025-09-18T17:00:46.023278Z"}
2025-09-19 00:00:46,030 - ChatbotGraphBuilder - INFO - {"summary": {"user_query": "c\u00e1c lo\u1ea1i s\u00e2u b\u1ec7nh th\u01b0\u1eddng g\u1eb7p \u1edf c\u00e2y l\u00faa...", "intent": "search_document", "confidence": 0.6, "has_response": true, "has_search_results": true, "sources_count": 0, "execution_path": ["intent_analysis", "action_execution"], "errors_count": 0, "is_complete": true}, "event": "Query processing completed", "logger": "ChatbotGraphBuilder", "level": "info", "timestamp": "2025-09-18T17:00:46.030040Z"}
2025-09-19 01:00:20,932 - sentence_transformers.SentenceTransformer - INFO - Load pretrained SentenceTransformer: sentence-transformers/all-MiniLM-L6-v2
2025-09-19 01:00:20,934 - sentence_transformers.SentenceTransformer - INFO - Load pretrained SentenceTransformer: sentence-transformers/all-MiniLM-L6-v2
2025-09-19 01:00:26,276 - sentence_transformers.SentenceTransformer - INFO - Use pytorch device_name: cpu
2025-09-19 01:00:26,278 - sentence_transformers.SentenceTransformer - INFO - Load pretrained SentenceTransformer: sentence-transformers/all-MiniLM-L6-v2
2025-09-19 01:00:26,574 - AgricultureDomainFilter - INFO - {"event": "Agriculture domain filter initialized", "logger": "AgricultureDomainFilter", "level": "info", "timestamp": "2025-09-18T18:00:26.574015Z"}
2025-09-19 01:00:26,576 - VectorStore - INFO - {"stats": {"collection_name": "faiss_index", "document_count": 0, "db_path": "vectordb"}, "event": "Retrieved collection stats", "logger": "VectorStore", "level": "info", "timestamp": "2025-09-18T18:00:26.576019Z"}
2025-09-19 01:00:26,578 - DocumentRetriever - INFO - {"event": "No documents in vector store, using dense search only", "logger": "DocumentRetriever", "level": "info", "timestamp": "2025-09-18T18:00:26.578041Z"}
2025-09-19 01:00:26,581 - sentence_transformers.SentenceTransformer - INFO - Load pretrained SentenceTransformer: sentence-transformers/all-MiniLM-L6-v2
2025-09-19 01:00:31,806 - AgricultureDomainFilter - INFO - {"event": "Agriculture domain filter initialized", "logger": "AgricultureDomainFilter", "level": "info", "timestamp": "2025-09-18T18:00:31.806393Z"}
2025-09-19 01:00:31,808 - VectorStore - INFO - {"stats": {"collection_name": "faiss_index", "document_count": 0, "db_path": "vectordb"}, "event": "Retrieved collection stats", "logger": "VectorStore", "level": "info", "timestamp": "2025-09-18T18:00:31.808379Z"}
2025-09-19 01:00:31,810 - DocumentRetriever - INFO - {"event": "No documents in vector store, using dense search only", "logger": "DocumentRetriever", "level": "info", "timestamp": "2025-09-18T18:00:31.810372Z"}
2025-09-19 01:00:31,980 - AgricultureDomainFilter - INFO - {"event": "Agriculture domain filter initialized", "logger": "AgricultureDomainFilter", "level": "info", "timestamp": "2025-09-18T18:00:31.980920Z"}
2025-09-19 01:00:31,982 - VectorStore - INFO - {"stats": {"collection_name": "faiss_index", "document_count": 0, "db_path": "vectordb"}, "event": "Retrieved collection stats", "logger": "VectorStore", "level": "info", "timestamp": "2025-09-18T18:00:31.982958Z"}
2025-09-19 01:00:31,987 - DocumentRetriever - INFO - {"event": "No documents in vector store, using dense search only", "logger": "DocumentRetriever", "level": "info", "timestamp": "2025-09-18T18:00:31.987150Z"}
2025-09-19 01:00:31,991 - sentence_transformers.SentenceTransformer - INFO - Load pretrained SentenceTransformer: sentence-transformers/all-MiniLM-L6-v2
2025-09-19 01:00:37,663 - AgricultureDomainFilter - INFO - {"event": "Agriculture domain filter initialized", "logger": "AgricultureDomainFilter", "level": "info", "timestamp": "2025-09-18T18:00:37.663829Z"}
2025-09-19 01:00:37,670 - VectorStore - INFO - {"stats": {"collection_name": "faiss_index", "document_count": 0, "db_path": "vectordb"}, "event": "Retrieved collection stats", "logger": "VectorStore", "level": "info", "timestamp": "2025-09-18T18:00:37.670019Z"}
2025-09-19 01:00:37,674 - DocumentRetriever - INFO - {"event": "No documents in vector store, using dense search only", "logger": "DocumentRetriever", "level": "info", "timestamp": "2025-09-18T18:00:37.674924Z"}
2025-09-19 01:01:23,300 - ChatbotGraphBuilder - INFO - {"query": "c\u00e1c b\u1ec7nh th\u01b0\u1eddng g\u1eb7p \u1edf c\u00e2y c\u00e0 ph\u00ea", "event": "Processing user query", "logger": "ChatbotGraphBuilder", "level": "info", "timestamp": "2025-09-18T18:01:23.300145Z"}
2025-09-19 01:01:23,302 - ChatbotGraphBuilder - INFO - {"event": "Building chatbot graph", "logger": "ChatbotGraphBuilder", "level": "info", "timestamp": "2025-09-18T18:01:23.302166Z"}
2025-09-19 01:01:23,305 - ChatbotGraphBuilder - INFO - {"event": "Chatbot graph built successfully", "logger": "ChatbotGraphBuilder", "level": "info", "timestamp": "2025-09-18T18:01:23.305658Z"}
2025-09-19 01:01:23,307 - StateManager - INFO - {"query": "c\u00e1c b\u1ec7nh th\u01b0\u1eddng g\u1eb7p \u1edf c\u00e2y c\u00e0 ph\u00ea", "event": "Creating initial state", "logger": "StateManager", "level": "info", "timestamp": "2025-09-18T18:01:23.307657Z"}
2025-09-19 01:01:23,386 - ChatbotGraphBuilder - INFO - {"event": "Executing intent analysis node", "logger": "ChatbotGraphBuilder", "level": "info", "timestamp": "2025-09-18T18:01:23.386296Z"}
2025-09-19 01:01:23,389 - IntentAnalyzer - INFO - {"query": "c\u00e1c b\u1ec7nh th\u01b0\u1eddng g\u1eb7p \u1edf c\u00e2y c\u00e0 ph\u00ea", "event": "Analyzing user intent", "logger": "IntentAnalyzer", "level": "info", "timestamp": "2025-09-18T18:01:23.389289Z"}
2025-09-19 01:01:23,394 - IntentAnalyzer - INFO - {"intent": "search_document", "confidence": 0.6, "event": "Intent analysis completed", "logger": "IntentAnalyzer", "level": "info", "timestamp": "2025-09-18T18:01:23.394704Z"}
2025-09-19 01:01:23,398 - StateManager - INFO - {"step": "intent_analysis", "updates": ["intent", "confidence", "keywords", "reasoning"], "event": "Updating state", "logger": "StateManager", "level": "info", "timestamp": "2025-09-18T18:01:23.398722Z"}
2025-09-19 01:01:23,401 - ChatbotGraphBuilder - INFO - {"intent": "search_document", "confidence": 0.6, "event": "Intent analysis completed", "logger": "ChatbotGraphBuilder", "level": "info", "timestamp": "2025-09-18T18:01:23.401719Z"}
2025-09-19 01:01:23,409 - ChatbotGraphBuilder - INFO - {"intent": "search_document", "confidence": 0.6, "event": "Routing to action execution", "logger": "ChatbotGraphBuilder", "level": "info", "timestamp": "2025-09-18T18:01:23.409762Z"}
2025-09-19 01:01:23,429 - ChatbotGraphBuilder - INFO - {"event": "Executing action execution node", "logger": "ChatbotGraphBuilder", "level": "info", "timestamp": "2025-09-18T18:01:23.429001Z"}
2025-09-19 01:01:23,433 - ActionExecutor - INFO - {"intent": "search_document", "confidence": 0.6, "query": "c\u00e1c b\u1ec7nh th\u01b0\u1eddng g\u1eb7p \u1edf c\u00e2y c\u00e0 ph\u00ea", "event": "Executing action", "logger": "ActionExecutor", "level": "info", "timestamp": "2025-09-18T18:01:23.433018Z"}
2025-09-19 01:01:23,435 - SearchTools - INFO - {"query": "c\u00e1c b\u1ec7nh th\u01b0\u1eddng g\u1eb7p \u1edf c\u00e2y c\u00e0 ph\u00ea", "limit": 15, "min_score": 0.2, "event": "Searching knowledge base", "logger": "SearchTools", "level": "info", "timestamp": "2025-09-18T18:01:23.435899Z"}
2025-09-19 01:01:23,439 - DocumentRetriever - INFO - {"query": "c\u00e1c b\u1ec7nh th\u01b0\u1eddng g\u1eb7p \u1edf c\u00e2y c\u00e0 ph\u00ea", "limit": 15, "min_score": 0.2, "event": "Getting relevant context", "logger": "DocumentRetriever", "level": "info", "timestamp": "2025-09-18T18:01:23.439066Z"}
2025-09-19 01:01:23,443 - DocumentRetriever - INFO - {"query": "c\u00e1c b\u1ec7nh th\u01b0\u1eddng g\u1eb7p \u1edf c\u00e2y c\u00e0 ph\u00ea", "limit": 15, "use_hybrid": false, "event": "Searching documents with scores", "logger": "DocumentRetriever", "level": "info", "timestamp": "2025-09-18T18:01:23.443063Z"}
2025-09-19 01:01:23,447 - DocumentRetriever - INFO - {"event": "Using dense search with scores", "logger": "DocumentRetriever", "level": "info", "timestamp": "2025-09-18T18:01:23.447376Z"}
2025-09-19 01:01:23,450 - VectorStore - WARNING - {"event": "No vector store available for search", "logger": "VectorStore", "level": "warning", "timestamp": "2025-09-18T18:01:23.450658Z"}
2025-09-19 01:01:23,451 - DocumentRetriever - WARNING - {"event": "No relevant context found", "logger": "DocumentRetriever", "level": "warning", "timestamp": "2025-09-18T18:01:23.451667Z"}
2025-09-19 01:01:23,454 - DocumentRetriever - INFO - {"query": "c\u00e1c b\u1ec7nh th\u01b0\u1eddng g\u1eb7p \u1edf c\u00e2y c\u00e0 ph\u00ea", "limit": 15, "score_threshold": null, "event": "Searching documents with domain filtering", "logger": "DocumentRetriever", "level": "info", "timestamp": "2025-09-18T18:01:23.454695Z"}
2025-09-19 01:01:23,456 - DocumentRetriever - INFO - {"event": "Using dense search only", "logger": "DocumentRetriever", "level": "info", "timestamp": "2025-09-18T18:01:23.456694Z"}
2025-09-19 01:01:23,458 - VectorStore - INFO - {"query": "c\u00e1c b\u1ec7nh th\u01b0\u1eddng g\u1eb7p \u1edf c\u00e2y c\u00e0 ph\u00ea", "k": 45, "event": "Performing similarity search", "logger": "VectorStore", "level": "info", "timestamp": "2025-09-18T18:01:23.458694Z"}
2025-09-19 01:01:23,460 - VectorStore - WARNING - {"event": "No vector store available for search", "logger": "VectorStore", "level": "warning", "timestamp": "2025-09-18T18:01:23.460824Z"}
2025-09-19 01:01:23,462 - DocumentRetriever - WARNING - {"event": "No initial results found", "logger": "DocumentRetriever", "level": "warning", "timestamp": "2025-09-18T18:01:23.462836Z"}
2025-09-19 01:01:23,464 - DocumentRetriever - INFO - {"query": "c\u00e1c b\u1ec7nh th\u01b0\u1eddng g\u1eb7p \u1edf c\u00e2y c\u00e0 ph\u00ea", "sources_count": 0, "event": "Retrieved document sources", "logger": "DocumentRetriever", "level": "info", "timestamp": "2025-09-18T18:01:23.464282Z"}
2025-09-19 01:01:23,466 - DocumentRetriever - INFO - {"query": "c\u00e1c b\u1ec7nh th\u01b0\u1eddng g\u1eb7p \u1edf c\u00e2y c\u00e0 ph\u00ea", "limit": 15, "use_hybrid": false, "event": "Searching documents with scores", "logger": "DocumentRetriever", "level": "info", "timestamp": "2025-09-18T18:01:23.466314Z"}
2025-09-19 01:01:23,468 - DocumentRetriever - INFO - {"event": "Using dense search with scores", "logger": "DocumentRetriever", "level": "info", "timestamp": "2025-09-18T18:01:23.468310Z"}
2025-09-19 01:01:23,471 - VectorStore - WARNING - {"event": "No vector store available for search", "logger": "VectorStore", "level": "warning", "timestamp": "2025-09-18T18:01:23.471314Z"}
2025-09-19 01:01:23,473 - SearchTools - INFO - {"has_results": false, "results_count": 0, "avg_confidence": 0.0, "event": "Knowledge base search completed", "logger": "SearchTools", "level": "info", "timestamp": "2025-09-18T18:01:23.473287Z"}
2025-09-19 01:01:23,474 - ActionExecutor - INFO - {"intent": "search_document", "has_response": true, "event": "Action execution completed", "logger": "ActionExecutor", "level": "info", "timestamp": "2025-09-18T18:01:23.474564Z"}
2025-09-19 01:01:23,478 - StateManager - INFO - {"step": "action_execution", "updates": ["user_query", "session_id", "intent", "confidence", "keywords", "reasoning", "search_results", "context_used", "sources", "response", "response_type", "timestamp", "execution_path", "errors", "action_completed", "execution_timestamp"], "event": "Updating state", "logger": "StateManager", "level": "info", "timestamp": "2025-09-18T18:01:23.478171Z"}
2025-09-19 01:01:23,482 - ChatbotGraphBuilder - INFO - {"response_type": "document_search", "has_response": true, "event": "Action execution completed", "logger": "ChatbotGraphBuilder", "level": "info", "timestamp": "2025-09-18T18:01:23.482875Z"}
2025-09-19 01:01:23,488 - ChatbotGraphBuilder - INFO - {"summary": {"user_query": "c\u00e1c b\u1ec7nh th\u01b0\u1eddng g\u1eb7p \u1edf c\u00e2y c\u00e0 ph\u00ea...", "intent": "search_document", "confidence": 0.6, "has_response": true, "has_search_results": true, "sources_count": 0, "execution_path": ["intent_analysis", "action_execution"], "errors_count": 0, "is_complete": true}, "event": "Query processing completed", "logger": "ChatbotGraphBuilder", "level": "info", "timestamp": "2025-09-18T18:01:23.488299Z"}
